<?xml version="1.0" encoding="UTF-8"?>
<testng-results total="1" passed="1" failed="0" skipped="0">
  <reporter-output>
  </reporter-output>
  <suite started-at="2023-07-05T04:23:39Z" name="Surefire suite" finished-at="2023-07-05T04:23:39Z" duration-ms="38">
    <groups>
    </groups>
    <test started-at="2023-07-05T04:23:39Z" name="Surefire test" finished-at="2023-07-05T04:23:39Z" duration-ms="38">
      <class name="test.testing.AppTest">
        <test-method signature="shouldAnswerWithTrue()[pri:0, instance:shouldAnswerWithTrue(test.testing.AppTest)]" started-at="2023-07-05T09:53:39Z" name="shouldAnswerWithTrue" finished-at="2023-07-05T09:53:39Z" duration-ms="1" status="PASS">
          <reporter-output>
          </reporter-output>
        </test-method> <!-- shouldAnswerWithTrue -->
      </class> <!-- test.testing.AppTest -->
    </test> <!-- Surefire test -->
  </suite> <!-- Surefire suite -->
</testng-results>
