<?xml version="1.0" encoding="UTF-8"?>
<testng-results total="1" passed="1" failed="0" skipped="0">
  <reporter-output>
  </reporter-output>
  <suite started-at="2023-07-06T07:41:18Z" name="Default suite" finished-at="2023-07-06T07:41:50Z" duration-ms="32063">
    <groups>
    </groups>
    <test started-at="2023-07-06T07:41:18Z" name="Default test" finished-at="2023-07-06T07:41:50Z" duration-ms="32063">
      <class name="Alerts.execute">
        <test-method is-config="true" signature="startup()[pri:0, instance:Alerts.execute@32c4e8b2]" started-at="2023-07-06T13:11:18Z" name="startup" finished-at="2023-07-06T13:11:31Z" duration-ms="13315" status="PASS">
          <reporter-output>
          </reporter-output>
        </test-method> <!-- startup -->
        <test-method signature="check()[pri:0, instance:Alerts.execute@32c4e8b2]" started-at="2023-07-06T13:11:31Z" name="check" finished-at="2023-07-06T13:11:50Z" duration-ms="18711" status="PASS">
          <reporter-output>
          </reporter-output>
        </test-method> <!-- check -->
        <test-method is-config="true" signature="tearDown()[pri:0, instance:Alerts.execute@32c4e8b2]" started-at="2023-07-06T13:11:50Z" name="tearDown" finished-at="2023-07-06T13:11:51Z" duration-ms="1302" status="PASS">
          <reporter-output>
          </reporter-output>
        </test-method> <!-- tearDown -->
      </class> <!-- Alerts.execute -->
    </test> <!-- Default test -->
  </suite> <!-- Default suite -->
</testng-results>
